C51 COMPILER V9.01   MAIN                                                                  08/23/2016 15:18:36 PAGE 1   


C51 COMPILER V9.01, COMPILATION OF MODULE MAIN
OBJECT MODULE PLACED IN main.OBJ
COMPILER INVOKED BY: J:\mdk4\C51\BIN\C51.EXE main.c BROWSE DEBUG OBJECTEXTEND

line level    source

   1          /**************************************************************************************
   2          *                             LCD1602液晶显示实验                                                                                                 *
   3          实现现象：      具体接线操作请参考视频教程
   4                                  下载程序后插上LCD1602液晶在开发板上，即可显示
   5          注意事项：                                                                                                                                                                
   6          ***************************************************************************************/
   7          
   8          #include "reg52.h"                       //此文件中定义了单片机的一些特殊功能寄存器
   9          #include "lcd.h"
  10          
  11          typedef unsigned int u16;         //对数据类型进行声明定义
  12          typedef unsigned char u8;
  13          
  14          u8 Disp[]=" Pechin Science ";
  15          
  16          /*******************************************************************************
  17          * 函 数 名         : main
  18          * 函数功能                 : 主函数
  19          * 输    入         : 无
  20          * 输    出         : 无
  21          *******************************************************************************/
  22          void main(void)
  23          {
  24   1              u8 i;
  25   1              LcdInit();
  26   1              for(i=0;i<16;i++)
  27   1              {
  28   2                      LcdWriteData(Disp[i]);  
  29   2              }
  30   1              while(1);                               
  31   1      }


MODULE INFORMATION:   STATIC OVERLAYABLE
   CODE SIZE        =     27    ----
   CONSTANT SIZE    =   ----    ----
   XDATA SIZE       =   ----    ----
   PDATA SIZE       =   ----    ----
   DATA SIZE        =     17       1
   IDATA SIZE       =   ----    ----
   BIT SIZE         =   ----    ----
END OF MODULE INFORMATION.


C51 COMPILATION COMPLETE.  0 WARNING(S),  0 ERROR(S)
